<?xml version="1.0" encoding="UTF-8"?>
<!-- Generated by org.testng.reporters.JUnitXMLReporter -->
<testsuite ignored="2" hostname="DESKTOP-ISB00PJ" failures="1" tests="1" name="Test" time="8.3" errors="0" timestamp="2022-04-01T14:02:43 IST">
  <testcase classname="Tests.LoginTest" name="login" time="6.737">
    <failure type="java.lang.AssertionError">
      <![CDATA[java.lang.AssertionError: 
at Tests.LoginTest.login(LoginTest.java:27)
at java.base/java.util.ArrayList.forEach(ArrayList.java:1541)
... Removed 31 stack frames]]>
    </failure>
  </testcase> <!-- login -->
  <testcase classname="Tests.BaseTest" name="@BeforeSuite Initialiazation" time="0.0">
    <ignored/>
  </testcase> <!-- @BeforeSuite Initialiazation -->
  <testcase classname="Tests.BaseTest" name="@AfterSuite tearDown" time="0.0">
    <ignored/>
  </testcase> <!-- @AfterSuite tearDown -->
</testsuite> <!-- Test -->
