<?xml version="1.0" encoding="UTF-8"?>
<testng-results ignored="0" total="1" passed="1" failed="0" skipped="0">
  <reporter-output>
  </reporter-output>
  <suite started-at="2024-12-05T17:20:48 IST" name="Default suite" finished-at="2024-12-05T17:20:57 IST" duration-ms="9226">
    <groups>
    </groups>
    <test started-at="2024-12-05T17:20:48 IST" name="Default test" finished-at="2024-12-05T17:20:57 IST" duration-ms="9226">
      <class name="Tests.LoginTest">
        <test-method is-config="true" signature="Initialiazation()[pri:0, instance:Tests.LoginTest@5b12b668]" started-at="2024-12-05T17:20:38 IST" name="Initialiazation" finished-at="2024-12-05T17:20:48 IST" duration-ms="9951" status="PASS">
          <reporter-output>
          </reporter-output>
        </test-method> <!-- Initialiazation -->
        <test-method signature="login()[pri:0, instance:Tests.LoginTest@5b12b668]" started-at="2024-12-05T17:20:48 IST" name="login" finished-at="2024-12-05T17:20:57 IST" duration-ms="9149" status="PASS">
          <reporter-output>
          </reporter-output>
        </test-method> <!-- login -->
        <test-method is-config="true" signature="tearDown()[pri:0, instance:Tests.LoginTest@5b12b668]" started-at="2024-12-05T17:20:57 IST" name="tearDown" finished-at="2024-12-05T17:20:57 IST" duration-ms="300" status="PASS">
          <reporter-output>
          </reporter-output>
        </test-method> <!-- tearDown -->
      </class> <!-- Tests.LoginTest -->
    </test> <!-- Default test -->
  </suite> <!-- Default suite -->
</testng-results>
